2017-11-12 23:36 +08:00: server started at localhost:9000
2017-11-12 23:36 +08:00: webpack built cc3fb5dc90c5afa84c5b in 3159ms
2017-11-12 23:38 +08:00: /
2017-11-12 23:38 +08:00: /live
2017-11-12 23:38 +08:00: /
2017-11-12 23:38 +08:00: /live
2017-11-12 23:40 +08:00: server started at localhost:9000
2017-11-12 23:40 +08:00: webpack built cc3fb5dc90c5afa84c5b in 2851ms
2017-11-12 23:40 +08:00: /live
2017-11-12 23:44 +08:00: /live
2017-11-12 23:46 +08:00: /live
2017-11-12 23:46 +08:00: data pre-fetch: 876ms
2017-11-12 23:46 +08:00: whole request: 902ms
2017-11-12 23:46 +08:00: /
2017-11-12 23:46 +08:00: /live
2017-11-12 23:46 +08:00: data pre-fetch: 726ms
2017-11-12 23:46 +08:00: whole request: 737ms
2017-11-12 23:46 +08:00: /es6-promise.map
2017-11-12 23:46 +08:00: data pre-fetch: 2ms
2017-11-12 23:46 +08:00: data pre-fetch: 2220ms
2017-11-12 23:46 +08:00: /live
2017-11-12 23:46 +08:00: /
2017-11-12 23:46 +08:00: /live
2017-11-12 23:46 +08:00: /
2017-11-12 23:46 +08:00: /live
2017-11-12 23:47 +08:00: /
2017-11-12 23:47 +08:00: /live
2017-11-12 23:48 +08:00: /
2017-11-12 23:48 +08:00: /live
2017-11-12 23:49 +08:00: /
2017-11-12 23:49 +08:00: /live
2017-11-12 23:51 +08:00: /
2017-11-12 23:51 +08:00: /live
2017-11-12 23:51 +08:00: data pre-fetch: 743ms
2017-11-12 23:51 +08:00: whole request: 753ms
2017-11-12 23:51 +08:00: data pre-fetch: 1733ms
2017-11-12 23:52 +08:00: /
2017-11-12 23:52 +08:00: /live
